have_func: checking for mysql_ssl_set()... -------------------- yes

"clang -o conftest -I/Users/ichiokanatsumi/.anyenv/envs/rbenv/versions/2.3.0/include/ruby-2.3.0/x86_64-darwin15 -I/Users/ichiokanatsumi/.anyenv/envs/rbenv/versions/2.3.0/include/ruby-2.3.0/ruby/backward -I/Users/ichiokanatsumi/.anyenv/envs/rbenv/versions/2.3.0/include/ruby-2.3.0 -I. -I/Users/ichiokanatsumi/.anyenv/envs/rbenv/versions/2.3.0/include  -D_XOPEN_SOURCE -D_DARWIN_C_SOURCE -D_DARWIN_UNLIMITED_SELECT -D_REENTRANT   -I/usr/local/Cellar/mysql/5.7.17/include/mysql -fno-omit-frame-pointer  -O3 -Wno-error=shorten-64-to-32  -pipe conftest.c  -L. -L/Users/ichiokanatsumi/.anyenv/envs/rbenv/versions/2.3.0/lib -L. -L/Users/ichiokanatsumi/.anyenv/envs/rbenv/versions/2.3.0/lib  -fstack-protector -L/usr/local/lib    -L/usr/local/Cellar/mysql/5.7.17/lib -lmysqlclient -lssl -lcrypto  -lruby-static -framework CoreFoundation  -lpthread -ldl -lobjc "
checked program was:
/* begin */
1: #include "ruby.h"
2: 
3: int main(int argc, char **argv)
4: {
5:   return 0;
6: }
/* end */

"clang -o conftest -I/Users/ichiokanatsumi/.anyenv/envs/rbenv/versions/2.3.0/include/ruby-2.3.0/x86_64-darwin15 -I/Users/ichiokanatsumi/.anyenv/envs/rbenv/versions/2.3.0/include/ruby-2.3.0/ruby/backward -I/Users/ichiokanatsumi/.anyenv/envs/rbenv/versions/2.3.0/include/ruby-2.3.0 -I. -I/Users/ichiokanatsumi/.anyenv/envs/rbenv/versions/2.3.0/include  -D_XOPEN_SOURCE -D_DARWIN_C_SOURCE -D_DARWIN_UNLIMITED_SELECT -D_REENTRANT   -I/usr/local/Cellar/mysql/5.7.17/include/mysql -fno-omit-frame-pointer  -O3 -Wno-error=shorten-64-to-32  -pipe conftest.c  -L. -L/Users/ichiokanatsumi/.anyenv/envs/rbenv/versions/2.3.0/lib -L. -L/Users/ichiokanatsumi/.anyenv/envs/rbenv/versions/2.3.0/lib  -fstack-protector -L/usr/local/lib    -L/usr/local/Cellar/mysql/5.7.17/lib -lmysqlclient -lssl -lcrypto  -lruby-static -framework CoreFoundation -L/usr/local/Cellar/mysql/5.7.17/lib -lmysqlclient -lssl -lcrypto  -lpthread -ldl -lobjc "
conftest.c:13:57: error: use of undeclared identifier 'mysql_ssl_set'
int t(void) { void ((*volatile p)()); p = (void ((*)()))mysql_ssl_set; return !p; }
                                                        ^
1 error generated.
checked program was:
/* begin */
 1: #include "ruby.h"
 2: 
 3: /*top*/
 4: extern int t(void);
 5: int main(int argc, char **argv)
 6: {
 7:   if (argc > 1000000) {
 8:     printf("%p", &t);
 9:   }
10: 
11:   return 0;
12: }
13: int t(void) { void ((*volatile p)()); p = (void ((*)()))mysql_ssl_set; return !p; }
/* end */

"clang -o conftest -I/Users/ichiokanatsumi/.anyenv/envs/rbenv/versions/2.3.0/include/ruby-2.3.0/x86_64-darwin15 -I/Users/ichiokanatsumi/.anyenv/envs/rbenv/versions/2.3.0/include/ruby-2.3.0/ruby/backward -I/Users/ichiokanatsumi/.anyenv/envs/rbenv/versions/2.3.0/include/ruby-2.3.0 -I. -I/Users/ichiokanatsumi/.anyenv/envs/rbenv/versions/2.3.0/include  -D_XOPEN_SOURCE -D_DARWIN_C_SOURCE -D_DARWIN_UNLIMITED_SELECT -D_REENTRANT   -I/usr/local/Cellar/mysql/5.7.17/include/mysql -fno-omit-frame-pointer  -O3 -Wno-error=shorten-64-to-32  -pipe conftest.c  -L. -L/Users/ichiokanatsumi/.anyenv/envs/rbenv/versions/2.3.0/lib -L. -L/Users/ichiokanatsumi/.anyenv/envs/rbenv/versions/2.3.0/lib  -fstack-protector -L/usr/local/lib    -L/usr/local/Cellar/mysql/5.7.17/lib -lmysqlclient -lssl -lcrypto  -lruby-static -framework CoreFoundation -L/usr/local/Cellar/mysql/5.7.17/lib -lmysqlclient -lssl -lcrypto  -lpthread -ldl -lobjc "
checked program was:
/* begin */
 1: #include "ruby.h"
 2: 
 3: /*top*/
 4: extern int t(void);
 5: int main(int argc, char **argv)
 6: {
 7:   if (argc > 1000000) {
 8:     printf("%p", &t);
 9:   }
10: 
11:   return 0;
12: }
13: extern void mysql_ssl_set();
14: int t(void) { mysql_ssl_set(); return 0; }
/* end */

--------------------

have_func: checking for rb_str_set_len()... -------------------- yes

"clang -o conftest -I/Users/ichiokanatsumi/.anyenv/envs/rbenv/versions/2.3.0/include/ruby-2.3.0/x86_64-darwin15 -I/Users/ichiokanatsumi/.anyenv/envs/rbenv/versions/2.3.0/include/ruby-2.3.0/ruby/backward -I/Users/ichiokanatsumi/.anyenv/envs/rbenv/versions/2.3.0/include/ruby-2.3.0 -I. -I/Users/ichiokanatsumi/.anyenv/envs/rbenv/versions/2.3.0/include  -D_XOPEN_SOURCE -D_DARWIN_C_SOURCE -D_DARWIN_UNLIMITED_SELECT -D_REENTRANT   -I/usr/local/Cellar/mysql/5.7.17/include/mysql -fno-omit-frame-pointer  -O3 -Wno-error=shorten-64-to-32  -pipe conftest.c  -L. -L/Users/ichiokanatsumi/.anyenv/envs/rbenv/versions/2.3.0/lib -L. -L/Users/ichiokanatsumi/.anyenv/envs/rbenv/versions/2.3.0/lib  -fstack-protector -L/usr/local/lib    -L/usr/local/Cellar/mysql/5.7.17/lib -lmysqlclient -lssl -lcrypto  -lruby-static -framework CoreFoundation -L/usr/local/Cellar/mysql/5.7.17/lib -lmysqlclient -lssl -lcrypto  -lpthread -ldl -lobjc "
checked program was:
/* begin */
 1: #include "ruby.h"
 2: 
 3: /*top*/
 4: extern int t(void);
 5: int main(int argc, char **argv)
 6: {
 7:   if (argc > 1000000) {
 8:     printf("%p", &t);
 9:   }
10: 
11:   return 0;
12: }
13: int t(void) { void ((*volatile p)()); p = (void ((*)()))rb_str_set_len; return !p; }
/* end */

--------------------

have_func: checking for rb_thread_start_timer()... -------------------- no

"clang -o conftest -I/Users/ichiokanatsumi/.anyenv/envs/rbenv/versions/2.3.0/include/ruby-2.3.0/x86_64-darwin15 -I/Users/ichiokanatsumi/.anyenv/envs/rbenv/versions/2.3.0/include/ruby-2.3.0/ruby/backward -I/Users/ichiokanatsumi/.anyenv/envs/rbenv/versions/2.3.0/include/ruby-2.3.0 -I. -I/Users/ichiokanatsumi/.anyenv/envs/rbenv/versions/2.3.0/include  -D_XOPEN_SOURCE -D_DARWIN_C_SOURCE -D_DARWIN_UNLIMITED_SELECT -D_REENTRANT   -I/usr/local/Cellar/mysql/5.7.17/include/mysql -fno-omit-frame-pointer  -O3 -Wno-error=shorten-64-to-32  -pipe conftest.c  -L. -L/Users/ichiokanatsumi/.anyenv/envs/rbenv/versions/2.3.0/lib -L. -L/Users/ichiokanatsumi/.anyenv/envs/rbenv/versions/2.3.0/lib  -fstack-protector -L/usr/local/lib    -L/usr/local/Cellar/mysql/5.7.17/lib -lmysqlclient -lssl -lcrypto  -lruby-static -framework CoreFoundation -L/usr/local/Cellar/mysql/5.7.17/lib -lmysqlclient -lssl -lcrypto  -lpthread -ldl -lobjc "
conftest.c:13:57: error: use of undeclared identifier 'rb_thread_start_timer'
int t(void) { void ((*volatile p)()); p = (void ((*)()))rb_thread_start_timer; return !p; }
                                                        ^
1 error generated.
checked program was:
/* begin */
 1: #include "ruby.h"
 2: 
 3: /*top*/
 4: extern int t(void);
 5: int main(int argc, char **argv)
 6: {
 7:   if (argc > 1000000) {
 8:     printf("%p", &t);
 9:   }
10: 
11:   return 0;
12: }
13: int t(void) { void ((*volatile p)()); p = (void ((*)()))rb_thread_start_timer; return !p; }
/* end */

"clang -o conftest -I/Users/ichiokanatsumi/.anyenv/envs/rbenv/versions/2.3.0/include/ruby-2.3.0/x86_64-darwin15 -I/Users/ichiokanatsumi/.anyenv/envs/rbenv/versions/2.3.0/include/ruby-2.3.0/ruby/backward -I/Users/ichiokanatsumi/.anyenv/envs/rbenv/versions/2.3.0/include/ruby-2.3.0 -I. -I/Users/ichiokanatsumi/.anyenv/envs/rbenv/versions/2.3.0/include  -D_XOPEN_SOURCE -D_DARWIN_C_SOURCE -D_DARWIN_UNLIMITED_SELECT -D_REENTRANT   -I/usr/local/Cellar/mysql/5.7.17/include/mysql -fno-omit-frame-pointer  -O3 -Wno-error=shorten-64-to-32  -pipe conftest.c  -L. -L/Users/ichiokanatsumi/.anyenv/envs/rbenv/versions/2.3.0/lib -L. -L/Users/ichiokanatsumi/.anyenv/envs/rbenv/versions/2.3.0/lib  -fstack-protector -L/usr/local/lib    -L/usr/local/Cellar/mysql/5.7.17/lib -lmysqlclient -lssl -lcrypto  -lruby-static -framework CoreFoundation -L/usr/local/Cellar/mysql/5.7.17/lib -lmysqlclient -lssl -lcrypto  -lpthread -ldl -lobjc "
Undefined symbols for architecture x86_64:
  "_rb_thread_start_timer", referenced from:
      _t in conftest-652c02.o
ld: symbol(s) not found for architecture x86_64
clang: error: linker command failed with exit code 1 (use -v to see invocation)
checked program was:
/* begin */
 1: #include "ruby.h"
 2: 
 3: /*top*/
 4: extern int t(void);
 5: int main(int argc, char **argv)
 6: {
 7:   if (argc > 1000000) {
 8:     printf("%p", &t);
 9:   }
10: 
11:   return 0;
12: }
13: extern void rb_thread_start_timer();
14: int t(void) { rb_thread_start_timer(); return 0; }
/* end */

--------------------

have_header: checking for mysql.h... -------------------- yes

"clang -E -I/Users/ichiokanatsumi/.anyenv/envs/rbenv/versions/2.3.0/include/ruby-2.3.0/x86_64-darwin15 -I/Users/ichiokanatsumi/.anyenv/envs/rbenv/versions/2.3.0/include/ruby-2.3.0/ruby/backward -I/Users/ichiokanatsumi/.anyenv/envs/rbenv/versions/2.3.0/include/ruby-2.3.0 -I. -I/Users/ichiokanatsumi/.anyenv/envs/rbenv/versions/2.3.0/include  -D_XOPEN_SOURCE -D_DARWIN_C_SOURCE -D_DARWIN_UNLIMITED_SELECT -D_REENTRANT   -I/usr/local/Cellar/mysql/5.7.17/include/mysql -fno-omit-frame-pointer  -O3 -Wno-error=shorten-64-to-32  -pipe  conftest.c -o conftest.i"
checked program was:
/* begin */
1: #include "ruby.h"
2: 
3: #include <mysql.h>
/* end */

--------------------

